<?xml version='1.0' encoding='UTF-8' ?>
<testsuite errors="0" failures="1" hostname="Administrators-Mac-mini-4.local" name="LogicTest" tests="1" time="0.0" timestamp="Mon Jan 28 14:53:02 +0530 2013"><testcase classname='LogicTest' name='testExample' time='0.001'>
<failure message='Unit tests are not implemented yet in LogicTest' type='Failure'>/Users/dharani/Desktop/2.0-Builds/Beta-amazon/phresco-framework-5/workspace/projects/23-iphonenative/source/LogicTest/LogicTest.m:29</failure>
</testcase>
</testsuite>
