<?xml version='1.0' encoding='UTF-8' ?>
<testsuite errors="0" failures="1" hostname="Administrators-Mac-mini-4.local" name="UnitTests" tests="1" time="0.0" timestamp="Mon Jan 28 16:53:08 +0530 2013"><testcase classname='UnitTests' name='testExample' time='0.0'>
<failure message='Unit tests are not implemented yet in UnitTests' type='Failure'>/Users/dharani/Desktop/2.0-Builds/Beta-amazon/phresco-framework-5/workspace/projects/97-iphonehybrid/source/UnitTests/UnitTests.m:29</failure>
</testcase>
</testsuite>
